<?xml version="1.0" encoding="UTF-8"?>
<!-- Generated by org.testng.reporters.JUnitReportReporter -->
<testsuite hostname="DLLA1439" name="com.qait.automation.report.ResultsIT" tests="2" failures="0" timestamp="28 Jul 2016 06:23:45 GMT" time="12.131" errors="0">
  <testcase name="changeReportColor" time="0.288" classname="com.qait.automation.report.ResultsIT"/>
  <testcase name="sendResultsMail" time="11.843" classname="com.qait.automation.report.ResultsIT"/>
</testsuite> <!-- com.qait.automation.report.ResultsIT -->
